# JRE version: OpenJDK Runtime Environment (7.0_95) (build 1.7.0_95-b00)
# Java VM: OpenJDK 64-Bit Server VM (24.95-b01 mixed mode linux-amd64 compressed oops)
Heap
 def new generation   total 190464K, used 179806K [0x00000000cee00000, 0x00000000dbca0000, 0x00000000dbca0000)
  eden space 169344K, 100% used [0x00000000cee00000, 0x00000000d9360000, 0x00000000d9360000)
  from space 21120K,  49% used [0x00000000d9360000, 0x00000000d9d97b50, 0x00000000da800000)
  to   space 21120K,   0% used [0x00000000da800000, 0x00000000da800000, 0x00000000dbca0000)
 tenured generation   total 423296K, used 349926K [0x00000000dbca0000, 0x00000000f5a00000, 0x00000000f5a00000)
   the space 423296K,  82% used [0x00000000dbca0000, 0x00000000f1259a20, 0x00000000f1259c00, 0x00000000f5a00000)
 compacting perm gen  total 33792K, used 33677K [0x00000000f5a00000, 0x00000000f7b00000, 0x0000000100000000)
   the space 33792K,  99% used [0x00000000f5a00000, 0x00000000f7ae36d0, 0x00000000f7ae3800, 0x00000000f7b00000)
GC Heap History (10 events):
Event: 1055810.389 GC heap before
{Heap before GC invocations=59943 (full 352):
 def new generation   total 190464K, used 181030K [0x00000000cee00000, 0x00000000dbca0000, 0x00000000dbca0000)
  eden space 169344K, 100% used [0x00000000cee00000, 0x00000000d9360000, 0x00000000d9360000)
  from space 21120K,  55% used [0x00000000da800000, 0x00000000db369998, 0x00000000dbca0000)
  to   space 21120K,   0% used [0x00000000d9360000, 0x00000000d9360000, 0x00000000da800000)
 tenured generation   total 423296K, used 345441K [0x00000000dbca0000, 0x00000000f5a00000, 0x00000000f5a00000)
   the space 423296K,  81% used [0x00000000dbca0000, 0x00000000f0df85a8, 0x00000000f0df8600, 0x00000000f5a00000)
 compacting perm gen  total 33792K, used 33646K [0x00000000f5a00000, 0x00000000f7b00000, 0x0000000100000000)
   the space 33792K,  99% used [0x00000000f5a00000, 0x00000000f7adbb00, 0x00000000f7adbc00, 0x00000000f7b00000)
No shared spaces configured.
Event: 1055811.897 GC heap after
Heap after GC invocations=59944 (full 352):
 def new generation   total 190464K, used 10999K [0x00000000cee00000, 0x00000000dbca0000, 0x00000000dbca0000)
  eden space 169344K,   0% used [0x00000000cee00000, 0x00000000cee00000, 0x00000000d9360000)
  from space 21120K,  52% used [0x00000000d9360000, 0x00000000d9e1de28, 0x00000000da800000)
  to   space 21120K,   0% used [0x00000000da800000, 0x00000000da800000, 0x00000000dbca0000)
 tenured generation   total 423296K, used 346891K [0x00000000dbca0000, 0x00000000f5a00000, 0x00000000f5a00000)
   the space 423296K,  81% used [0x00000000dbca0000, 0x00000000f0f62c00, 0x00000000f0f62c00, 0x00000000f5a00000)
 compacting perm gen  total 33792K, used 33646K [0x00000000f5a00000, 0x00000000f7b00000, 0x0000000100000000)
   the space 33792K,  99% used [0x00000000f5a00000, 0x00000000f7adbb00, 0x00000000f7adbc00, 0x00000000f7b00000)
No shared spaces configured.
}
Event: 1055812.475 GC heap before
{Heap before GC invocations=59944 (full 352):
 def new generation   total 190464K, used 180343K [0x00000000cee00000, 0x00000000dbca0000, 0x00000000dbca0000)
  eden space 169344K, 100% used [0x00000000cee00000, 0x00000000d9360000, 0x00000000d9360000)
  from space 21120K,  52% used [0x00000000d9360000, 0x00000000d9e1de28, 0x00000000da800000)
  to   space 21120K,   0% used [0x00000000da800000, 0x00000000da800000, 0x00000000dbca0000)
 tenured generation   total 423296K, used 346891K [0x00000000dbca0000, 0x00000000f5a00000, 0x00000000f5a00000)
   the space 423296K,  81% used [0x00000000dbca0000, 0x00000000f0f62c00, 0x00000000f0f62c00, 0x00000000f5a00000)
 compacting perm gen  total 33792K, used 33646K [0x00000000f5a00000, 0x00000000f7b00000, 0x0000000100000000)
   the space 33792K,  99% used [0x00000000f5a00000, 0x00000000f7adbb00, 0x00000000f7adbc00, 0x00000000f7b00000)
No shared spaces configured.
Event: 1055812.792 GC heap after
Heap after GC invocations=59945 (full 352):
 def new generation   total 190464K, used 10892K [0x00000000cee00000, 0x00000000dbca0000, 0x00000000dbca0000)
  eden space 169344K,   0% used [0x00000000cee00000, 0x00000000cee00000, 0x00000000d9360000)
  from space 21120K,  51% used [0x00000000da800000, 0x00000000db2a3060, 0x00000000dbca0000)
  to   space 21120K,   0% used [0x00000000d9360000, 0x00000000d9360000, 0x00000000da800000)
 tenured generation   total 423296K, used 347676K [0x00000000dbca0000, 0x00000000f5a00000, 0x00000000f5a00000)
   the space 423296K,  82% used [0x00000000dbca0000, 0x00000000f10273f8, 0x00000000f1027400, 0x00000000f5a00000)
 compacting perm gen  total 33792K, used 33646K [0x00000000f5a00000, 0x00000000f7b00000, 0x0000000100000000)
   the space 33792K,  99% used [0x00000000f5a00000, 0x00000000f7adbb00, 0x00000000f7adbc00, 0x00000000f7b00000)
No shared spaces configured.
}
Event: 1055813.356 GC heap before
{Heap before GC invocations=59945 (full 352):
 def new generation   total 190464K, used 180236K [0x00000000cee00000, 0x00000000dbca0000, 0x00000000dbca0000)
  eden space 169344K, 100% used [0x00000000cee00000, 0x00000000d9360000, 0x00000000d9360000)
  from space 21120K,  51% used [0x00000000da800000, 0x00000000db2a3060, 0x00000000dbca0000)
  to   space 21120K,   0% used [0x00000000d9360000, 0x00000000d9360000, 0x00000000da800000)
 tenured generation   total 423296K, used 347676K [0x00000000dbca0000, 0x00000000f5a00000, 0x00000000f5a00000)
   the space 423296K,  82% used [0x00000000dbca0000, 0x00000000f10273f8, 0x00000000f1027400, 0x00000000f5a00000)
 compacting perm gen  total 33792K, used 33646K [0x00000000f5a00000, 0x00000000f7b00000, 0x0000000100000000)
   the space 33792K,  99% used [0x00000000f5a00000, 0x00000000f7adbb00, 0x00000000f7adbc00, 0x00000000f7b00000)
No shared spaces configured.
Event: 1055826.279 GC heap after
Heap after GC invocations=59946 (full 352):
 def new generation   total 190464K, used 10380K [0x00000000cee00000, 0x00000000dbca0000, 0x00000000dbca0000)
  eden space 169344K,   0% used [0x00000000cee00000, 0x00000000cee00000, 0x00000000d9360000)
  from space 21120K,  49% used [0x00000000d9360000, 0x00000000d9d83278, 0x00000000da800000)
  to   space 21120K,   0% used [0x00000000da800000, 0x00000000da800000, 0x00000000dbca0000)
 tenured generation   total 423296K, used 348966K [0x00000000dbca0000, 0x00000000f5a00000, 0x00000000f5a00000)
   the space 423296K,  82% used [0x00000000dbca0000, 0x00000000f1169bd8, 0x00000000f1169c00, 0x00000000f5a00000)
 compacting perm gen  total 33792K, used 33646K [0x00000000f5a00000, 0x00000000f7b00000, 0x0000000100000000)
   the space 33792K,  99% used [0x00000000f5a00000, 0x00000000f7adbb00, 0x00000000f7adbc00, 0x00000000f7b00000)
No shared spaces configured.
}
Event: 1055826.856 GC heap before
{Heap before GC invocations=59946 (full 352):
 def new generation   total 190464K, used 179724K [0x00000000cee00000, 0x00000000dbca0000, 0x00000000dbca0000)
  eden space 169344K, 100% used [0x00000000cee00000, 0x00000000d9360000, 0x00000000d9360000)
  from space 21120K,  49% used [0x00000000d9360000, 0x00000000d9d83278, 0x00000000da800000)
  to   space 21120K,   0% used [0x00000000da800000, 0x00000000da800000, 0x00000000dbca0000)
 tenured generation   total 423296K, used 348966K [0x00000000dbca0000, 0x00000000f5a00000, 0x00000000f5a00000)
   the space 423296K,  82% used [0x00000000dbca0000, 0x00000000f1169bd8, 0x00000000f1169c00, 0x00000000f5a00000)
 compacting perm gen  total 33792K, used 33646K [0x00000000f5a00000, 0x00000000f7b00000, 0x0000000100000000)
   the space 33792K,  99% used [0x00000000f5a00000, 0x00000000f7adbb00, 0x00000000f7adbc00, 0x00000000f7b00000)
No shared spaces configured.
Event: 1055829.754 GC heap after
Heap after GC invocations=59947 (full 352):
 def new generation   total 190464K, used 11141K [0x00000000cee00000, 0x00000000dbca0000, 0x00000000dbca0000)
  eden space 169344K,   0% used [0x00000000cee00000, 0x00000000cee00000, 0x00000000d9360000)
  from space 21120K,  52% used [0x00000000da800000, 0x00000000db2e14e8, 0x00000000dbca0000)
  to   space 21120K,   0% used [0x00000000d9360000, 0x00000000d9360000, 0x00000000da800000)
 tenured generation   total 423296K, used 348966K [0x00000000dbca0000, 0x00000000f5a00000, 0x00000000f5a00000)
   the space 423296K,  82% used [0x00000000dbca0000, 0x00000000f1169bd8, 0x00000000f1169c00, 0x00000000f5a00000)
 compacting perm gen  total 33792K, used 33646K [0x00000000f5a00000, 0x00000000f7b00000, 0x0000000100000000)
   the space 33792K,  99% used [0x00000000f5a00000, 0x00000000f7adbb00, 0x00000000f7adbc00, 0x00000000f7b00000)
No shared spaces configured.
}
Event: 1055926.978 GC heap before
{Heap before GC invocations=59947 (full 352):
 def new generation   total 190464K, used 180485K [0x00000000cee00000, 0x00000000dbca0000, 0x00000000dbca0000)
  eden space 169344K, 100% used [0x00000000cee00000, 0x00000000d9360000, 0x00000000d9360000)
  from space 21120K,  52% used [0x00000000da800000, 0x00000000db2e14e8, 0x00000000dbca0000)
  to   space 21120K,   0% used [0x00000000d9360000, 0x00000000d9360000, 0x00000000da800000)
 tenured generation   total 423296K, used 348966K [0x00000000dbca0000, 0x00000000f5a00000, 0x00000000f5a00000)
   the space 423296K,  82% used [0x00000000dbca0000, 0x00000000f1169bd8, 0x00000000f1169c00, 0x00000000f5a00000)
 compacting perm gen  total 33792K, used 33649K [0x00000000f5a00000, 0x00000000f7b00000, 0x0000000100000000)
   the space 33792K,  99% used [0x00000000f5a00000, 0x00000000f7adc6e8, 0x00000000f7adc800, 0x00000000f7b00000)
No shared spaces configured.
Event: 1055943.914 GC heap after
Heap after GC invocations=59948 (full 352):
 def new generation   total 190464K, used 10462K [0x00000000cee00000, 0x00000000dbca0000, 0x00000000dbca0000)
  eden space 169344K,   0% used [0x00000000cee00000, 0x00000000cee00000, 0x00000000d9360000)
  from space 21120K,  49% used [0x00000000d9360000, 0x00000000d9d97b50, 0x00000000da800000)
  to   space 21120K,   0% used [0x00000000da800000, 0x00000000da800000, 0x00000000dbca0000)
 tenured generation   total 423296K, used 349926K [0x00000000dbca0000, 0x00000000f5a00000, 0x00000000f5a00000)
   the space 423296K,  82% used [0x00000000dbca0000, 0x00000000f1259a20, 0x00000000f1259c00, 0x00000000f5a00000)
 compacting perm gen  total 33792K, used 33649K [0x00000000f5a00000, 0x00000000f7b00000, 0x0000000100000000)
   the space 33792K,  99% used [0x00000000f5a00000, 0x00000000f7adc6e8, 0x00000000f7adc800, 0x00000000f7b00000)
No shared spaces configured.
}

