# JRE version: OpenJDK Runtime Environment (7.0_121) (build 1.7.0_121-b00)
# Java VM: OpenJDK 64-Bit Server VM (24.121-b00 mixed mode linux-amd64 compressed oops)
Heap
 def new generation   total 177600K, used 176559K [0x00000000cee00000, 0x00000000daeb0000, 0x00000000dbca0000)
  eden space 157888K, 100% used [0x00000000cee00000, 0x00000000d8830000, 0x00000000d8830000)
  from space 19712K,  94% used [0x00000000d9b70000, 0x00000000dadabcd8, 0x00000000daeb0000)
  to   space 19712K,  18% used [0x00000000d8830000, 0x00000000d8bbd1e0, 0x00000000d9b70000)
 tenured generation   total 398972K, used 398968K [0x00000000dbca0000, 0x00000000f423f000, 0x00000000f5a00000)
   the space 398972K,  99% used [0x00000000dbca0000, 0x00000000f423e250, 0x00000000f423e400, 0x00000000f423f000)
 compacting perm gen  total 34816K, used 34609K [0x00000000f5a00000, 0x00000000f7c00000, 0x0000000100000000)
   the space 34816K,  99% used [0x00000000f5a00000, 0x00000000f7bcc5d8, 0x00000000f7bcc600, 0x00000000f7c00000)
GC Heap History (10 events):
Event: 62284.150 GC heap after
Heap after GC invocations=4857 (full 9):
 def new generation   total 177600K, used 5998K [0x00000000cee00000, 0x00000000daeb0000, 0x00000000dbca0000)
  eden space 157888K,   0% used [0x00000000cee00000, 0x00000000cee00000, 0x00000000d8830000)
  from space 19712K,  30% used [0x00000000d9b70000, 0x00000000da14b900, 0x00000000daeb0000)
  to   space 19712K,   0% used [0x00000000d8830000, 0x00000000d8830000, 0x00000000d9b70000)
 tenured generation   total 394556K, used 367206K [0x00000000dbca0000, 0x00000000f3def000, 0x00000000f5a00000)
   the space 394556K,  93% used [0x00000000dbca0000, 0x00000000f2339850, 0x00000000f2339a00, 0x00000000f3def000)
 compacting perm gen  total 34816K, used 34609K [0x00000000f5a00000, 0x00000000f7c00000, 0x0000000100000000)
   the space 34816K,  99% used [0x00000000f5a00000, 0x00000000f7bcc5d8, 0x00000000f7bcc600, 0x00000000f7c00000)
No shared spaces configured.
}
Event: 62287.297 GC heap before
{Heap before GC invocations=4857 (full 9):
 def new generation   total 177600K, used 163886K [0x00000000cee00000, 0x00000000daeb0000, 0x00000000dbca0000)
  eden space 157888K, 100% used [0x00000000cee00000, 0x00000000d8830000, 0x00000000d8830000)
  from space 19712K,  30% used [0x00000000d9b70000, 0x00000000da14b900, 0x00000000daeb0000)
  to   space 19712K,   0% used [0x00000000d8830000, 0x00000000d8830000, 0x00000000d9b70000)
 tenured generation   total 394556K, used 367206K [0x00000000dbca0000, 0x00000000f3def000, 0x00000000f5a00000)
   the space 394556K,  93% used [0x00000000dbca0000, 0x00000000f2339850, 0x00000000f2339a00, 0x00000000f3def000)
 compacting perm gen  total 34816K, used 34609K [0x00000000f5a00000, 0x00000000f7c00000, 0x0000000100000000)
   the space 34816K,  99% used [0x00000000f5a00000, 0x00000000f7bcc5d8, 0x00000000f7bcc600, 0x00000000f7c00000)
No shared spaces configured.
Event: 62287.304 GC heap after
Heap after GC invocations=4858 (full 9):
 def new generation   total 177600K, used 6141K [0x00000000cee00000, 0x00000000daeb0000, 0x00000000dbca0000)
  eden space 157888K,   0% used [0x00000000cee00000, 0x00000000cee00000, 0x00000000d8830000)
  from space 19712K,  31% used [0x00000000d8830000, 0x00000000d8e2f6a8, 0x00000000d9b70000)
  to   space 19712K,   0% used [0x00000000d9b70000, 0x00000000d9b70000, 0x00000000daeb0000)
 tenured generation   total 394556K, used 367206K [0x00000000dbca0000, 0x00000000f3def000, 0x00000000f5a00000)
   the space 394556K,  93% used [0x00000000dbca0000, 0x00000000f2339850, 0x00000000f2339a00, 0x00000000f3def000)
 compacting perm gen  total 34816K, used 34609K [0x00000000f5a00000, 0x00000000f7c00000, 0x0000000100000000)
   the space 34816K,  99% used [0x00000000f5a00000, 0x00000000f7bcc5d8, 0x00000000f7bcc600, 0x00000000f7c00000)
No shared spaces configured.
}
Event: 62289.989 GC heap before
{Heap before GC invocations=4858 (full 9):
 def new generation   total 177600K, used 164029K [0x00000000cee00000, 0x00000000daeb0000, 0x00000000dbca0000)
  eden space 157888K, 100% used [0x00000000cee00000, 0x00000000d8830000, 0x00000000d8830000)
  from space 19712K,  31% used [0x00000000d8830000, 0x00000000d8e2f6a8, 0x00000000d9b70000)
  to   space 19712K,   0% used [0x00000000d9b70000, 0x00000000d9b70000, 0x00000000daeb0000)
 tenured generation   total 394556K, used 367206K [0x00000000dbca0000, 0x00000000f3def000, 0x00000000f5a00000)
   the space 394556K,  93% used [0x00000000dbca0000, 0x00000000f2339850, 0x00000000f2339a00, 0x00000000f3def000)
 compacting perm gen  total 34816K, used 34609K [0x00000000f5a00000, 0x00000000f7c00000, 0x0000000100000000)
   the space 34816K,  99% used [0x00000000f5a00000, 0x00000000f7bcc5d8, 0x00000000f7bcc600, 0x00000000f7c00000)
No shared spaces configured.
Event: 62289.997 GC heap after
Heap after GC invocations=4859 (full 9):
 def new generation   total 177600K, used 7356K [0x00000000cee00000, 0x00000000daeb0000, 0x00000000dbca0000)
  eden space 157888K,   0% used [0x00000000cee00000, 0x00000000cee00000, 0x00000000d8830000)
  from space 19712K,  37% used [0x00000000d9b70000, 0x00000000da29f340, 0x00000000daeb0000)
  to   space 19712K,   0% used [0x00000000d8830000, 0x00000000d8830000, 0x00000000d9b70000)
 tenured generation   total 394556K, used 367206K [0x00000000dbca0000, 0x00000000f3def000, 0x00000000f5a00000)
   the space 394556K,  93% used [0x00000000dbca0000, 0x00000000f2339850, 0x00000000f2339a00, 0x00000000f3def000)
 compacting perm gen  total 34816K, used 34609K [0x00000000f5a00000, 0x00000000f7c00000, 0x0000000100000000)
   the space 34816K,  99% used [0x00000000f5a00000, 0x00000000f7bcc5d8, 0x00000000f7bcc600, 0x00000000f7c00000)
No shared spaces configured.
}
Event: 62292.460 GC heap before
{Heap before GC invocations=4859 (full 9):
 def new generation   total 177600K, used 165244K [0x00000000cee00000, 0x00000000daeb0000, 0x00000000dbca0000)
  eden space 157888K, 100% used [0x00000000cee00000, 0x00000000d8830000, 0x00000000d8830000)
  from space 19712K,  37% used [0x00000000d9b70000, 0x00000000da29f340, 0x00000000daeb0000)
  to   space 19712K,   0% used [0x00000000d8830000, 0x00000000d8830000, 0x00000000d9b70000)
 tenured generation   total 394556K, used 367206K [0x00000000dbca0000, 0x00000000f3def000, 0x00000000f5a00000)
   the space 394556K,  93% used [0x00000000dbca0000, 0x00000000f2339850, 0x00000000f2339a00, 0x00000000f3def000)
 compacting perm gen  total 34816K, used 34609K [0x00000000f5a00000, 0x00000000f7c00000, 0x0000000100000000)
   the space 34816K,  99% used [0x00000000f5a00000, 0x00000000f7bcc5d8, 0x00000000f7bcc600, 0x00000000f7c00000)
No shared spaces configured.
Event: 62292.501 GC heap after
Heap after GC invocations=4860 (full 9):
 def new generation   total 177600K, used 19712K [0x00000000cee00000, 0x00000000daeb0000, 0x00000000dbca0000)
  eden space 157888K,   0% used [0x00000000cee00000, 0x00000000cee00000, 0x00000000d8830000)
  from space 19712K, 100% used [0x00000000d8830000, 0x00000000d9b70000, 0x00000000d9b70000)
  to   space 19712K,   0% used [0x00000000d9b70000, 0x00000000d9b70000, 0x00000000daeb0000)
 tenured generation   total 394556K, used 382309K [0x00000000dbca0000, 0x00000000f3def000, 0x00000000f5a00000)
   the space 394556K,  96% used [0x00000000dbca0000, 0x00000000f31f9790, 0x00000000f31f9800, 0x00000000f3def000)
 compacting perm gen  total 34816K, used 34609K [0x00000000f5a00000, 0x00000000f7c00000, 0x0000000100000000)
   the space 34816K,  99% used [0x00000000f5a00000, 0x00000000f7bcc5d8, 0x00000000f7bcc600, 0x00000000f7c00000)
No shared spaces configured.
}
Event: 62294.335 GC heap before
{Heap before GC invocations=4860 (full 9):
 def new generation   total 177600K, used 177600K [0x00000000cee00000, 0x00000000daeb0000, 0x00000000dbca0000)
  eden space 157888K, 100% used [0x00000000cee00000, 0x00000000d8830000, 0x00000000d8830000)
  from space 19712K, 100% used [0x00000000d8830000, 0x00000000d9b70000, 0x00000000d9b70000)
  to   space 19712K,   0% used [0x00000000d9b70000, 0x00000000d9b70000, 0x00000000daeb0000)
 tenured generation   total 394556K, used 382309K [0x00000000dbca0000, 0x00000000f3def000, 0x00000000f5a00000)
   the space 394556K,  96% used [0x00000000dbca0000, 0x00000000f31f9790, 0x00000000f31f9800, 0x00000000f3def000)
 compacting perm gen  total 34816K, used 34609K [0x00000000f5a00000, 0x00000000f7c00000, 0x0000000100000000)
   the space 34816K,  99% used [0x00000000f5a00000, 0x00000000f7bcc5d8, 0x00000000f7bcc600, 0x00000000f7c00000)
No shared spaces configured.
Event: 62294.360 GC heap after
Heap after GC invocations=4861 (full 9):
 def new generation   total 177600K, used 18671K [0x00000000cee00000, 0x00000000daeb0000, 0x00000000dbca0000)
  eden space 157888K,   0% used [0x00000000cee00000, 0x00000000cee00000, 0x00000000d8830000)
  from space 19712K,  94% used [0x00000000d9b70000, 0x00000000dadabcd8, 0x00000000daeb0000)
  to   space 19712K,   0% used [0x00000000d8830000, 0x00000000d8830000, 0x00000000d9b70000)
 tenured generation   total 394556K, used 393120K [0x00000000dbca0000, 0x00000000f3def000, 0x00000000f5a00000)
   the space 394556K,  99% used [0x00000000dbca0000, 0x00000000f3c883a0, 0x00000000f3c88400, 0x00000000f3def000)
 compacting perm gen  total 34816K, used 34609K [0x00000000f5a00000, 0x00000000f7c00000, 0x0000000100000000)
   the space 34816K,  99% used [0x00000000f5a00000, 0x00000000f7bcc5d8, 0x00000000f7bcc600, 0x00000000f7c00000)
No shared spaces configured.
}
Event: 62297.403 GC heap before
{Heap before GC invocations=4861 (full 9):
 def new generation   total 177600K, used 176559K [0x00000000cee00000, 0x00000000daeb0000, 0x00000000dbca0000)
  eden space 157888K, 100% used [0x00000000cee00000, 0x00000000d8830000, 0x00000000d8830000)
  from space 19712K,  94% used [0x00000000d9b70000, 0x00000000dadabcd8, 0x00000000daeb0000)
  to   space 19712K,   0% used [0x00000000d8830000, 0x00000000d8830000, 0x00000000d9b70000)
 tenured generation   total 394556K, used 393120K [0x00000000dbca0000, 0x00000000f3def000, 0x00000000f5a00000)
   the space 394556K,  99% used [0x00000000dbca0000, 0x00000000f3c883a0, 0x00000000f3c88400, 0x00000000f3def000)
 compacting perm gen  total 34816K, used 34609K [0x00000000f5a00000, 0x00000000f7c00000, 0x0000000100000000)
   the space 34816K,  99% used [0x00000000f5a00000, 0x00000000f7bcc5d8, 0x00000000f7bcc600, 0x00000000f7c00000)
No shared spaces configured.

